00:00:00.003012 main     VirtualBox COM Server 7.1.6 r167084 win.amd64 (Jan 21 2025 14:13:52) release log
00:00:00.003014 main     Log opened 2025-03-12T23:43:11.657650300Z
00:00:00.003015 main     Build Type: release
00:00:00.003019 main     OS Product: Windows 11
00:00:00.003020 main     OS Release: 10.0.26100
00:00:00.003020 main     OS Service Pack: 
00:00:00.045007 main     DMI Product Name: Thin 15 B13UCX
00:00:00.063788 main     DMI Product Version: REV:1.0
00:00:00.063813 main     Firmware type: UEFI
00:00:00.065419 main     Secure Boot: Enabled
00:00:00.066162 main     Host RAM: 7895MB (7.7GB) total, 899MB available
00:00:00.066172 main     Executable: C:\Program Files\Oracle\VirtualBox\VBoxSVC.exe
00:00:00.066173 main     Process ID: 2476
00:00:00.066174 main     Package type: WINDOWS_64BITS_GENERIC
00:00:00.066511 main     Windows Features:
00:00:00.066512 main       Core Isolation (Memory Integrity): ENABLED
00:00:00.358127          VirtualBox: object creation starts
00:00:00.358824          Home directory: 'C:\Users\salva\.VirtualBox'
00:00:00.359019          Installed Drivers:
00:00:00.388852          Loading settings file "C:\Users\salva\.VirtualBox\VirtualBox.xml" with version "1.12-windows"
00:00:00.392945          USBLibInit: USB Service not found
00:00:00.539257          HostDnsMonitor: initializing
00:00:00.546096          HostDnsMonitor: updating information
00:00:00.546502          HostDnsMonitor: old information
00:00:00.546503            no server entries
00:00:00.546504            no domain set
00:00:00.546504            no search string entries
00:00:00.546505          HostDnsMonitor: new information
00:00:00.546505            server 1: 192.168.8.1
00:00:00.546505            domain: bbrouter
00:00:00.546506            no search string entries
00:00:00.589809          VD: VDInit finished with VINF_SUCCESS
00:00:00.595960          Platform architecture set to 'x86'
00:00:00.610638          Loading settings file "C:\Users\salva\VirtualBox VMs\APACHEPROJECT\APACHEPROJECT.vbox" with version "1.19-windows"
00:00:00.613113          Platform architecture set to 'x86'
00:00:00.615404          VirtualBox: object created
00:00:00.703655          Saving settings file "C:\Users\salva\.VirtualBox\VirtualBox.xml" with version "1.12-windows"
00:00:00.706815          Finished saving settings file "C:\Users\salva\.VirtualBox\VirtualBox.xml"
00:00:00.706965          Saving settings file "C:\Users\salva\.VirtualBox\VirtualBox.xml" with version "1.12-windows"
00:00:00.708728          Finished saving settings file "C:\Users\salva\.VirtualBox\VirtualBox.xml"
00:00:00.708833          Saving settings file "C:\Users\salva\.VirtualBox\VirtualBox.xml" with version "1.12-windows"
00:00:00.710719          Finished saving settings file "C:\Users\salva\.VirtualBox\VirtualBox.xml"
00:00:01.157732          ERROR [COM]: aRC=VBOX_E_IPRT_ERROR (0x80bb0005) aIID={e36a5081-a82a-40bd-9e4e-42a44d6ce50f} aComponent={MachineWrap} aText={Could not open log file 'C:\Users\salva\VirtualBox VMs\APACHEPROJECT\Logs\VBox.log.1' (VERR_FILE_NOT_FOUND)}, preserve=false aResultDetail=-102
00:00:01.161018          ERROR [COM]: aRC=VBOX_E_IPRT_ERROR (0x80bb0005) aIID={e36a5081-a82a-40bd-9e4e-42a44d6ce50f} aComponent={MachineWrap} aText={Could not open log file 'C:\Users\salva\VirtualBox VMs\APACHEPROJECT\Logs\VBox.log.2' (VERR_FILE_NOT_FOUND)}, preserve=false aResultDetail=-102
00:00:01.161512          ERROR [COM]: aRC=VBOX_E_IPRT_ERROR (0x80bb0005) aIID={e36a5081-a82a-40bd-9e4e-42a44d6ce50f} aComponent={MachineWrap} aText={Could not open log file 'C:\Users\salva\VirtualBox VMs\APACHEPROJECT\Logs\VBox.log.3' (VERR_FILE_NOT_FOUND)}, preserve=false aResultDetail=-102
00:00:01.272253          WARNING [COM]: aRC=E_FAIL (0x80004005) aIID={d5dcece0-b202-4416-a138-03502784cc07} aComponent={HostWrap} aText={Could not load the Host USB Proxy Service (VERR_FILE_NOT_FOUND).  The service might not be installed on the host computer}, preserve=true aResultDetail=0
00:00:01.276638          WARNING [COM]: aRC=E_FAIL (0x80004005) aIID={d5dcece0-b202-4416-a138-03502784cc07} aComponent={HostWrap} aText={Could not load the Host USB Proxy Service (VERR_FILE_NOT_FOUND).  The service might not be installed on the host computer}, preserve=false aResultDetail=0
00:00:01.330989          ERROR [COM]: aRC=VBOX_E_OBJECT_NOT_FOUND (0x80bb0001) aIID={5bfd8965-b81b-469f-8649-f717ce97a5d5} aComponent={NvramStoreWrap} aText={The UEFI NVRAM file is not existing for this machine}, preserve=false aResultDetail=0
00:00:01.421619          ERROR [COM]: aRC=VBOX_E_INVALID_VM_STATE (0x80bb0002) aIID={e36a5081-a82a-40bd-9e4e-42a44d6ce50f} aComponent={MachineWrap} aText={The machine is not mutable, saved or running (state is PoweredOff)}, preserve=false aResultDetail=0
00:00:01.484107          WARNING [COM]: aRC=E_FAIL (0x80004005) aIID={d5dcece0-b202-4416-a138-03502784cc07} aComponent={HostWrap} aText={Could not load the Host USB Proxy Service (VERR_FILE_NOT_FOUND).  The service might not be installed on the host computer}, preserve=true aResultDetail=0
00:00:01.484761          WARNING [COM]: aRC=E_FAIL (0x80004005) aIID={d5dcece0-b202-4416-a138-03502784cc07} aComponent={HostWrap} aText={Could not load the Host USB Proxy Service (VERR_FILE_NOT_FOUND).  The service might not be installed on the host computer}, preserve=true aResultDetail=0
00:00:23.462990          Launched VM: 885357248 pid: 2516 (0x9d4) frontend: GUI/Qt name: APACHEPROJECT
00:00:23.495562          ERROR [COM]: aRC=VBOX_E_OBJECT_NOT_FOUND (0x80bb0001) aIID={5bfd8965-b81b-469f-8649-f717ce97a5d5} aComponent={NvramStoreWrap} aText={The UEFI NVRAM file is not existing for this machine}, preserve=false aResultDetail=0
00:00:23.507032          ERROR [COM]: aRC=VBOX_E_INVALID_VM_STATE (0x80bb0002) aIID={e36a5081-a82a-40bd-9e4e-42a44d6ce50f} aComponent={MachineWrap} aText={The machine is not mutable, saved or running (state is PoweredOff)}, preserve=false aResultDetail=0
00:00:23.535535          WARNING [COM]: aRC=E_FAIL (0x80004005) aIID={d5dcece0-b202-4416-a138-03502784cc07} aComponent={HostWrap} aText={Could not load the Host USB Proxy Service (VERR_FILE_NOT_FOUND).  The service might not be installed on the host computer}, preserve=true aResultDetail=0
00:00:23.536016          WARNING [COM]: aRC=E_FAIL (0x80004005) aIID={d5dcece0-b202-4416-a138-03502784cc07} aComponent={HostWrap} aText={Could not load the Host USB Proxy Service (VERR_FILE_NOT_FOUND).  The service might not be installed on the host computer}, preserve=true aResultDetail=0
00:00:31.952676          Platform architecture set to 'x86'
00:00:32.409556          ERROR [COM]: aRC=VBOX_E_OBJECT_NOT_FOUND (0x80bb0001) aIID={5bfd8965-b81b-469f-8649-f717ce97a5d5} aComponent={NvramStoreWrap} aText={The UEFI NVRAM file is not existing for this machine}, preserve=false aResultDetail=0
00:00:32.411967          ERROR [COM]: aRC=VBOX_E_INVALID_VM_STATE (0x80bb0002) aIID={e36a5081-a82a-40bd-9e4e-42a44d6ce50f} aComponent={MachineWrap} aText={The machine is not mutable, saved or running (state is PoweredOff)}, preserve=false aResultDetail=0
00:00:32.418883          WARNING [COM]: aRC=E_FAIL (0x80004005) aIID={d5dcece0-b202-4416-a138-03502784cc07} aComponent={HostWrap} aText={Could not load the Host USB Proxy Service (VERR_FILE_NOT_FOUND).  The service might not be installed on the host computer}, preserve=true aResultDetail=0
00:00:32.419285          WARNING [COM]: aRC=E_FAIL (0x80004005) aIID={d5dcece0-b202-4416-a138-03502784cc07} aComponent={HostWrap} aText={Could not load the Host USB Proxy Service (VERR_FILE_NOT_FOUND).  The service might not be installed on the host computer}, preserve=true aResultDetail=0
00:00:34.818771          WARNING [COM]: aRC=E_FAIL (0x80004005) aIID={d5dcece0-b202-4416-a138-03502784cc07} aComponent={HostWrap} aText={Could not load the Host USB Proxy Service (VERR_FILE_NOT_FOUND).  The service might not be installed on the host computer}, preserve=true aResultDetail=0
00:00:34.826962          WARNING [COM]: aRC=E_FAIL (0x80004005) aIID={d5dcece0-b202-4416-a138-03502784cc07} aComponent={HostWrap} aText={Could not load the Host USB Proxy Service (VERR_FILE_NOT_FOUND).  The service might not be installed on the host computer}, preserve=true aResultDetail=0
00:00:34.832131          ERROR [COM]: aRC=VBOX_E_OBJECT_NOT_FOUND (0x80bb0001) aIID={70401eef-c8e9-466b-9660-45cb3e9979e4} aComponent={ExtPackManagerWrap} aText={No extension pack by the name 'Oracle VirtualBox Extension Pack' was found}, preserve=false aResultDetail=0
00:00:53.754308          WARNING [COM]: aRC=E_FAIL (0x80004005) aIID={d5dcece0-b202-4416-a138-03502784cc07} aComponent={HostWrap} aText={Could not load the Host USB Proxy Service (VERR_FILE_NOT_FOUND).  The service might not be installed on the host computer}, preserve=false aResultDetail=0
00:00:53.754870          WARNING [COM]: aRC=E_FAIL (0x80004005) aIID={d5dcece0-b202-4416-a138-03502784cc07} aComponent={HostWrap} aText={Could not load the Host USB Proxy Service (VERR_FILE_NOT_FOUND).  The service might not be installed on the host computer}, preserve=true aResultDetail=0
00:00:53.755043          WARNING [COM]: aRC=E_FAIL (0x80004005) aIID={d5dcece0-b202-4416-a138-03502784cc07} aComponent={HostWrap} aText={Could not load the Host USB Proxy Service (VERR_FILE_NOT_FOUND).  The service might not be installed on the host computer}, preserve=true aResultDetail=0
00:00:54.001016          ERROR [COM]: aRC=VBOX_E_INVALID_VM_STATE (0x80bb0002) aIID={e36a5081-a82a-40bd-9e4e-42a44d6ce50f} aComponent={SessionMachine} aText={The machine is not mutable or saved (state is Starting)}, preserve=false aResultDetail=0
00:00:54.006420          WARNING [COM]: aRC=E_FAIL (0x80004005) aIID={d5dcece0-b202-4416-a138-03502784cc07} aComponent={HostWrap} aText={Could not load the Host USB Proxy Service (VERR_FILE_NOT_FOUND).  The service might not be installed on the host computer}, preserve=true aResultDetail=0
00:00:54.013468          ERROR [COM]: aRC=VBOX_E_INVALID_VM_STATE (0x80bb0002) aIID={e36a5081-a82a-40bd-9e4e-42a44d6ce50f} aComponent={SessionMachine} aText={The machine is not mutable or saved (state is Starting)}, preserve=false aResultDetail=0
00:00:54.034145          ERROR [COM]: aRC=VBOX_E_OBJECT_NOT_FOUND (0x80bb0001) aIID={5bfd8965-b81b-469f-8649-f717ce97a5d5} aComponent={NvramStoreWrap} aText={The UEFI NVRAM file is not existing for this machine}, preserve=false aResultDetail=0
00:00:54.044411          ERROR [COM]: aRC=VBOX_E_INVALID_VM_STATE (0x80bb0002) aIID={e36a5081-a82a-40bd-9e4e-42a44d6ce50f} aComponent={MachineWrap} aText={The machine is not mutable, saved or running (state is Starting)}, preserve=false aResultDetail=0
00:00:54.066829          WARNING [COM]: aRC=E_FAIL (0x80004005) aIID={d5dcece0-b202-4416-a138-03502784cc07} aComponent={HostWrap} aText={Could not load the Host USB Proxy Service (VERR_FILE_NOT_FOUND).  The service might not be installed on the host computer}, preserve=true aResultDetail=0
00:00:54.067318          WARNING [COM]: aRC=E_FAIL (0x80004005) aIID={d5dcece0-b202-4416-a138-03502784cc07} aComponent={HostWrap} aText={Could not load the Host USB Proxy Service (VERR_FILE_NOT_FOUND).  The service might not be installed on the host computer}, preserve=true aResultDetail=0
00:00:54.119241          WARNING [COM]: aRC=E_FAIL (0x80004005) aIID={d5dcece0-b202-4416-a138-03502784cc07} aComponent={HostWrap} aText={Could not load the Host USB Proxy Service (VERR_FILE_NOT_FOUND).  The service might not be installed on the host computer}, preserve=true aResultDetail=0
00:00:54.765500          ERROR [COM]: aRC=VBOX_E_OBJECT_NOT_FOUND (0x80bb0001) aIID={7d510820-a678-4730-a862-818dcd3fbed0} aComponent={MediumWrap} aText={Property 'CRYPT/KeyId' does not exist}, preserve=false aResultDetail=0
00:00:54.765834          HostDnsMonitorProxy::GetDomainName: bbrouter
00:00:54.765885          HostDnsMonitorProxy::GetNameServers:
00:00:54.765889            name server 1: 192.168.8.1
00:00:54.765911          HostDnsMonitorProxy::GetSearchStrings:
00:00:54.765915            no search string entries
00:00:54.823698          WARNING [COM]: aRC=E_FAIL (0x80004005) aIID={d5dcece0-b202-4416-a138-03502784cc07} aComponent={HostWrap} aText={Could not load the Host USB Proxy Service (VERR_FILE_NOT_FOUND).  The service might not be installed on the host computer}, preserve=true aResultDetail=0
00:00:54.855308          ERROR [COM]: aRC=VBOX_E_OBJECT_NOT_FOUND (0x80bb0001) aIID={5bfd8965-b81b-469f-8649-f717ce97a5d5} aComponent={NvramStoreWrap} aText={The UEFI NVRAM file is not existing for this machine}, preserve=false aResultDetail=0
00:00:54.865798          ERROR [COM]: aRC=VBOX_E_INVALID_VM_STATE (0x80bb0002) aIID={e36a5081-a82a-40bd-9e4e-42a44d6ce50f} aComponent={MachineWrap} aText={The machine is not mutable, saved or running (state is Running)}, preserve=false aResultDetail=0
00:00:54.883090          WARNING [COM]: aRC=E_FAIL (0x80004005) aIID={d5dcece0-b202-4416-a138-03502784cc07} aComponent={HostWrap} aText={Could not load the Host USB Proxy Service (VERR_FILE_NOT_FOUND).  The service might not be installed on the host computer}, preserve=true aResultDetail=0
00:00:54.883481          WARNING [COM]: aRC=E_FAIL (0x80004005) aIID={d5dcece0-b202-4416-a138-03502784cc07} aComponent={HostWrap} aText={Could not load the Host USB Proxy Service (VERR_FILE_NOT_FOUND).  The service might not be installed on the host computer}, preserve=true aResultDetail=0
00:00:57.219228          Saving settings file "C:\Users\salva\VirtualBox VMs\APACHEPROJECT\APACHEPROJECT.vbox" with version "1.19-windows"
00:00:57.226283          Finished saving settings file "C:\Users\salva\VirtualBox VMs\APACHEPROJECT\APACHEPROJECT.vbox"
00:00:57.250794          ERROR [COM]: aRC=VBOX_E_OBJECT_NOT_FOUND (0x80bb0001) aIID={5bfd8965-b81b-469f-8649-f717ce97a5d5} aComponent={NvramStoreWrap} aText={The UEFI NVRAM file is not existing for this machine}, preserve=false aResultDetail=0
00:00:57.263773          ERROR [COM]: aRC=VBOX_E_INVALID_VM_STATE (0x80bb0002) aIID={e36a5081-a82a-40bd-9e4e-42a44d6ce50f} aComponent={MachineWrap} aText={The machine is not mutable, saved or running (state is Running)}, preserve=false aResultDetail=0
00:00:57.278630          WARNING [COM]: aRC=E_FAIL (0x80004005) aIID={d5dcece0-b202-4416-a138-03502784cc07} aComponent={HostWrap} aText={Could not load the Host USB Proxy Service (VERR_FILE_NOT_FOUND).  The service might not be installed on the host computer}, preserve=true aResultDetail=0
00:00:57.279246          WARNING [COM]: aRC=E_FAIL (0x80004005) aIID={d5dcece0-b202-4416-a138-03502784cc07} aComponent={HostWrap} aText={Could not load the Host USB Proxy Service (VERR_FILE_NOT_FOUND).  The service might not be installed on the host computer}, preserve=true aResultDetail=0
00:00:59.103051          Saving settings file "C:\Users\salva\VirtualBox VMs\APACHEPROJECT\APACHEPROJECT.vbox" with version "1.19-windows"
00:00:59.108376          Finished saving settings file "C:\Users\salva\VirtualBox VMs\APACHEPROJECT\APACHEPROJECT.vbox"
00:00:59.112414          ERROR [COM]: aRC=VBOX_E_OBJECT_NOT_FOUND (0x80bb0001) aIID={5bfd8965-b81b-469f-8649-f717ce97a5d5} aComponent={NvramStoreWrap} aText={The UEFI NVRAM file is not existing for this machine}, preserve=false aResultDetail=0
00:00:59.117727          ERROR [COM]: aRC=VBOX_E_INVALID_VM_STATE (0x80bb0002) aIID={e36a5081-a82a-40bd-9e4e-42a44d6ce50f} aComponent={MachineWrap} aText={The machine is not mutable, saved or running (state is Running)}, preserve=false aResultDetail=0
00:00:59.120151          WARNING [COM]: aRC=E_FAIL (0x80004005) aIID={d5dcece0-b202-4416-a138-03502784cc07} aComponent={HostWrap} aText={Could not load the Host USB Proxy Service (VERR_FILE_NOT_FOUND).  The service might not be installed on the host computer}, preserve=true aResultDetail=0
00:00:59.120442          WARNING [COM]: aRC=E_FAIL (0x80004005) aIID={d5dcece0-b202-4416-a138-03502784cc07} aComponent={HostWrap} aText={Could not load the Host USB Proxy Service (VERR_FILE_NOT_FOUND).  The service might not be installed on the host computer}, preserve=true aResultDetail=0
00:01:53.781582          Saving settings file "C:\Users\salva\VirtualBox VMs\APACHEPROJECT\APACHEPROJECT.vbox" with version "1.19-windows"
00:01:53.787882          Finished saving settings file "C:\Users\salva\VirtualBox VMs\APACHEPROJECT\APACHEPROJECT.vbox"
00:01:53.808205          ERROR [COM]: aRC=VBOX_E_OBJECT_NOT_FOUND (0x80bb0001) aIID={5bfd8965-b81b-469f-8649-f717ce97a5d5} aComponent={NvramStoreWrap} aText={The UEFI NVRAM file is not existing for this machine}, preserve=false aResultDetail=0
00:01:53.818773          ERROR [COM]: aRC=VBOX_E_INVALID_VM_STATE (0x80bb0002) aIID={e36a5081-a82a-40bd-9e4e-42a44d6ce50f} aComponent={MachineWrap} aText={The machine is not mutable, saved or running (state is Running)}, preserve=false aResultDetail=0
00:01:53.823459          WARNING [COM]: aRC=E_FAIL (0x80004005) aIID={d5dcece0-b202-4416-a138-03502784cc07} aComponent={HostWrap} aText={Could not load the Host USB Proxy Service (VERR_FILE_NOT_FOUND).  The service might not be installed on the host computer}, preserve=true aResultDetail=0
00:01:53.824312          WARNING [COM]: aRC=E_FAIL (0x80004005) aIID={d5dcece0-b202-4416-a138-03502784cc07} aComponent={HostWrap} aText={Could not load the Host USB Proxy Service (VERR_FILE_NOT_FOUND).  The service might not be installed on the host computer}, preserve=true aResultDetail=0
00:01:55.386524          Saving settings file "C:\Users\salva\VirtualBox VMs\APACHEPROJECT\APACHEPROJECT.vbox" with version "1.19-windows"
00:01:55.392721          Finished saving settings file "C:\Users\salva\VirtualBox VMs\APACHEPROJECT\APACHEPROJECT.vbox"
00:01:55.416598          ERROR [COM]: aRC=VBOX_E_OBJECT_NOT_FOUND (0x80bb0001) aIID={5bfd8965-b81b-469f-8649-f717ce97a5d5} aComponent={NvramStoreWrap} aText={The UEFI NVRAM file is not existing for this machine}, preserve=false aResultDetail=0
00:01:55.442465          ERROR [COM]: aRC=VBOX_E_INVALID_VM_STATE (0x80bb0002) aIID={e36a5081-a82a-40bd-9e4e-42a44d6ce50f} aComponent={MachineWrap} aText={The machine is not mutable, saved or running (state is Running)}, preserve=false aResultDetail=0
00:01:55.459995          WARNING [COM]: aRC=E_FAIL (0x80004005) aIID={d5dcece0-b202-4416-a138-03502784cc07} aComponent={HostWrap} aText={Could not load the Host USB Proxy Service (VERR_FILE_NOT_FOUND).  The service might not be installed on the host computer}, preserve=true aResultDetail=0
00:01:55.463601          WARNING [COM]: aRC=E_FAIL (0x80004005) aIID={d5dcece0-b202-4416-a138-03502784cc07} aComponent={HostWrap} aText={Could not load the Host USB Proxy Service (VERR_FILE_NOT_FOUND).  The service might not be installed on the host computer}, preserve=true aResultDetail=0
00:04:17.957721          Saving settings file "C:\Users\salva\VirtualBox VMs\APACHEPROJECT\APACHEPROJECT.vbox" with version "1.19-windows"
00:04:17.966062          Finished saving settings file "C:\Users\salva\VirtualBox VMs\APACHEPROJECT\APACHEPROJECT.vbox"
00:04:18.060573          ERROR [COM]: aRC=VBOX_E_OBJECT_NOT_FOUND (0x80bb0001) aIID={5bfd8965-b81b-469f-8649-f717ce97a5d5} aComponent={NvramStoreWrap} aText={The UEFI NVRAM file is not existing for this machine}, preserve=false aResultDetail=0
00:04:18.075119          ERROR [COM]: aRC=VBOX_E_INVALID_VM_STATE (0x80bb0002) aIID={e36a5081-a82a-40bd-9e4e-42a44d6ce50f} aComponent={MachineWrap} aText={The machine is not mutable, saved or running (state is Running)}, preserve=false aResultDetail=0
00:04:18.090474          WARNING [COM]: aRC=E_FAIL (0x80004005) aIID={d5dcece0-b202-4416-a138-03502784cc07} aComponent={HostWrap} aText={Could not load the Host USB Proxy Service (VERR_FILE_NOT_FOUND).  The service might not be installed on the host computer}, preserve=true aResultDetail=0
00:04:18.092548          WARNING [COM]: aRC=E_FAIL (0x80004005) aIID={d5dcece0-b202-4416-a138-03502784cc07} aComponent={HostWrap} aText={Could not load the Host USB Proxy Service (VERR_FILE_NOT_FOUND).  The service might not be installed on the host computer}, preserve=true aResultDetail=0
00:04:21.991523          Saving settings file "C:\Users\salva\VirtualBox VMs\APACHEPROJECT\APACHEPROJECT.vbox" with version "1.19-windows"
00:04:21.997087          Finished saving settings file "C:\Users\salva\VirtualBox VMs\APACHEPROJECT\APACHEPROJECT.vbox"
00:04:22.002805          ERROR [COM]: aRC=VBOX_E_OBJECT_NOT_FOUND (0x80bb0001) aIID={5bfd8965-b81b-469f-8649-f717ce97a5d5} aComponent={NvramStoreWrap} aText={The UEFI NVRAM file is not existing for this machine}, preserve=false aResultDetail=0
00:04:22.009382          ERROR [COM]: aRC=VBOX_E_INVALID_VM_STATE (0x80bb0002) aIID={e36a5081-a82a-40bd-9e4e-42a44d6ce50f} aComponent={MachineWrap} aText={The machine is not mutable, saved or running (state is Running)}, preserve=false aResultDetail=0
00:04:22.011624          WARNING [COM]: aRC=E_FAIL (0x80004005) aIID={d5dcece0-b202-4416-a138-03502784cc07} aComponent={HostWrap} aText={Could not load the Host USB Proxy Service (VERR_FILE_NOT_FOUND).  The service might not be installed on the host computer}, preserve=true aResultDetail=0
00:04:22.011916          WARNING [COM]: aRC=E_FAIL (0x80004005) aIID={d5dcece0-b202-4416-a138-03502784cc07} aComponent={HostWrap} aText={Could not load the Host USB Proxy Service (VERR_FILE_NOT_FOUND).  The service might not be installed on the host computer}, preserve=true aResultDetail=0
00:04:23.133991          Saving settings file "C:\Users\salva\VirtualBox VMs\APACHEPROJECT\APACHEPROJECT.vbox" with version "1.19-windows"
00:04:23.142404          Finished saving settings file "C:\Users\salva\VirtualBox VMs\APACHEPROJECT\APACHEPROJECT.vbox"
00:04:23.146508          ERROR [COM]: aRC=VBOX_E_OBJECT_NOT_FOUND (0x80bb0001) aIID={5bfd8965-b81b-469f-8649-f717ce97a5d5} aComponent={NvramStoreWrap} aText={The UEFI NVRAM file is not existing for this machine}, preserve=false aResultDetail=0
00:04:23.152818          ERROR [COM]: aRC=VBOX_E_INVALID_VM_STATE (0x80bb0002) aIID={e36a5081-a82a-40bd-9e4e-42a44d6ce50f} aComponent={MachineWrap} aText={The machine is not mutable, saved or running (state is Running)}, preserve=false aResultDetail=0
00:04:23.155572          WARNING [COM]: aRC=E_FAIL (0x80004005) aIID={d5dcece0-b202-4416-a138-03502784cc07} aComponent={HostWrap} aText={Could not load the Host USB Proxy Service (VERR_FILE_NOT_FOUND).  The service might not be installed on the host computer}, preserve=true aResultDetail=0
00:04:23.155892          WARNING [COM]: aRC=E_FAIL (0x80004005) aIID={d5dcece0-b202-4416-a138-03502784cc07} aComponent={HostWrap} aText={Could not load the Host USB Proxy Service (VERR_FILE_NOT_FOUND).  The service might not be installed on the host computer}, preserve=true aResultDetail=0
00:04:44.998394          Saving settings file "C:\Users\salva\VirtualBox VMs\APACHEPROJECT\APACHEPROJECT.vbox" with version "1.19-windows"
00:04:45.011172          Finished saving settings file "C:\Users\salva\VirtualBox VMs\APACHEPROJECT\APACHEPROJECT.vbox"
00:04:45.026613          ERROR [COM]: aRC=VBOX_E_OBJECT_NOT_FOUND (0x80bb0001) aIID={5bfd8965-b81b-469f-8649-f717ce97a5d5} aComponent={NvramStoreWrap} aText={The UEFI NVRAM file is not existing for this machine}, preserve=false aResultDetail=0
00:04:45.047149          ERROR [COM]: aRC=VBOX_E_INVALID_VM_STATE (0x80bb0002) aIID={e36a5081-a82a-40bd-9e4e-42a44d6ce50f} aComponent={MachineWrap} aText={The machine is not mutable, saved or running (state is Running)}, preserve=false aResultDetail=0
00:04:45.070957          WARNING [COM]: aRC=E_FAIL (0x80004005) aIID={d5dcece0-b202-4416-a138-03502784cc07} aComponent={HostWrap} aText={Could not load the Host USB Proxy Service (VERR_FILE_NOT_FOUND).  The service might not be installed on the host computer}, preserve=true aResultDetail=0
00:04:45.072604          WARNING [COM]: aRC=E_FAIL (0x80004005) aIID={d5dcece0-b202-4416-a138-03502784cc07} aComponent={HostWrap} aText={Could not load the Host USB Proxy Service (VERR_FILE_NOT_FOUND).  The service might not be installed on the host computer}, preserve=true aResultDetail=0
00:04:47.867619          Saving settings file "C:\Users\salva\VirtualBox VMs\APACHEPROJECT\APACHEPROJECT.vbox" with version "1.19-windows"
00:04:47.874422          Finished saving settings file "C:\Users\salva\VirtualBox VMs\APACHEPROJECT\APACHEPROJECT.vbox"
00:04:47.895625          ERROR [COM]: aRC=VBOX_E_OBJECT_NOT_FOUND (0x80bb0001) aIID={5bfd8965-b81b-469f-8649-f717ce97a5d5} aComponent={NvramStoreWrap} aText={The UEFI NVRAM file is not existing for this machine}, preserve=false aResultDetail=0
00:04:47.913949          ERROR [COM]: aRC=VBOX_E_INVALID_VM_STATE (0x80bb0002) aIID={e36a5081-a82a-40bd-9e4e-42a44d6ce50f} aComponent={MachineWrap} aText={The machine is not mutable, saved or running (state is Running)}, preserve=false aResultDetail=0
00:04:47.930753          WARNING [COM]: aRC=E_FAIL (0x80004005) aIID={d5dcece0-b202-4416-a138-03502784cc07} aComponent={HostWrap} aText={Could not load the Host USB Proxy Service (VERR_FILE_NOT_FOUND).  The service might not be installed on the host computer}, preserve=true aResultDetail=0
00:04:47.932393          WARNING [COM]: aRC=E_FAIL (0x80004005) aIID={d5dcece0-b202-4416-a138-03502784cc07} aComponent={HostWrap} aText={Could not load the Host USB Proxy Service (VERR_FILE_NOT_FOUND).  The service might not be installed on the host computer}, preserve=true aResultDetail=0
00:04:48.222678          Saving settings file "C:\Users\salva\VirtualBox VMs\APACHEPROJECT\APACHEPROJECT.vbox" with version "1.19-windows"
00:04:48.242675          Finished saving settings file "C:\Users\salva\VirtualBox VMs\APACHEPROJECT\APACHEPROJECT.vbox"
00:04:48.277735          ERROR [COM]: aRC=VBOX_E_OBJECT_NOT_FOUND (0x80bb0001) aIID={5bfd8965-b81b-469f-8649-f717ce97a5d5} aComponent={NvramStoreWrap} aText={The UEFI NVRAM file is not existing for this machine}, preserve=false aResultDetail=0
00:04:48.341543          ERROR [COM]: aRC=VBOX_E_INVALID_VM_STATE (0x80bb0002) aIID={e36a5081-a82a-40bd-9e4e-42a44d6ce50f} aComponent={MachineWrap} aText={The machine is not mutable, saved or running (state is Running)}, preserve=false aResultDetail=0
00:04:48.382640          WARNING [COM]: aRC=E_FAIL (0x80004005) aIID={d5dcece0-b202-4416-a138-03502784cc07} aComponent={HostWrap} aText={Could not load the Host USB Proxy Service (VERR_FILE_NOT_FOUND).  The service might not be installed on the host computer}, preserve=true aResultDetail=0
00:04:48.384436          WARNING [COM]: aRC=E_FAIL (0x80004005) aIID={d5dcece0-b202-4416-a138-03502784cc07} aComponent={HostWrap} aText={Could not load the Host USB Proxy Service (VERR_FILE_NOT_FOUND).  The service might not be installed on the host computer}, preserve=true aResultDetail=0
00:04:52.778229          Saving settings file "C:\Users\salva\VirtualBox VMs\APACHEPROJECT\APACHEPROJECT.vbox" with version "1.19-windows"
00:04:52.784654          Finished saving settings file "C:\Users\salva\VirtualBox VMs\APACHEPROJECT\APACHEPROJECT.vbox"
00:04:52.793034          ERROR [COM]: aRC=VBOX_E_OBJECT_NOT_FOUND (0x80bb0001) aIID={5bfd8965-b81b-469f-8649-f717ce97a5d5} aComponent={NvramStoreWrap} aText={The UEFI NVRAM file is not existing for this machine}, preserve=false aResultDetail=0
00:04:52.806405          ERROR [COM]: aRC=VBOX_E_INVALID_VM_STATE (0x80bb0002) aIID={e36a5081-a82a-40bd-9e4e-42a44d6ce50f} aComponent={MachineWrap} aText={The machine is not mutable, saved or running (state is Running)}, preserve=false aResultDetail=0
00:04:52.817334          WARNING [COM]: aRC=E_FAIL (0x80004005) aIID={d5dcece0-b202-4416-a138-03502784cc07} aComponent={HostWrap} aText={Could not load the Host USB Proxy Service (VERR_FILE_NOT_FOUND).  The service might not be installed on the host computer}, preserve=true aResultDetail=0
00:04:52.819178          WARNING [COM]: aRC=E_FAIL (0x80004005) aIID={d5dcece0-b202-4416-a138-03502784cc07} aComponent={HostWrap} aText={Could not load the Host USB Proxy Service (VERR_FILE_NOT_FOUND).  The service might not be installed on the host computer}, preserve=true aResultDetail=0
00:04:53.309014          Saving settings file "C:\Users\salva\VirtualBox VMs\APACHEPROJECT\APACHEPROJECT.vbox" with version "1.19-windows"
00:04:53.312230          Finished saving settings file "C:\Users\salva\VirtualBox VMs\APACHEPROJECT\APACHEPROJECT.vbox"
00:04:53.332896          ERROR [COM]: aRC=VBOX_E_OBJECT_NOT_FOUND (0x80bb0001) aIID={5bfd8965-b81b-469f-8649-f717ce97a5d5} aComponent={NvramStoreWrap} aText={The UEFI NVRAM file is not existing for this machine}, preserve=false aResultDetail=0
00:04:53.347503          ERROR [COM]: aRC=VBOX_E_INVALID_VM_STATE (0x80bb0002) aIID={e36a5081-a82a-40bd-9e4e-42a44d6ce50f} aComponent={MachineWrap} aText={The machine is not mutable, saved or running (state is Running)}, preserve=false aResultDetail=0
00:04:53.365300          WARNING [COM]: aRC=E_FAIL (0x80004005) aIID={d5dcece0-b202-4416-a138-03502784cc07} aComponent={HostWrap} aText={Could not load the Host USB Proxy Service (VERR_FILE_NOT_FOUND).  The service might not be installed on the host computer}, preserve=true aResultDetail=0
00:04:53.366149          WARNING [COM]: aRC=E_FAIL (0x80004005) aIID={d5dcece0-b202-4416-a138-03502784cc07} aComponent={HostWrap} aText={Could not load the Host USB Proxy Service (VERR_FILE_NOT_FOUND).  The service might not be installed on the host computer}, preserve=true aResultDetail=0
00:06:31.615002          Saving settings file "C:\Users\salva\VirtualBox VMs\APACHEPROJECT\APACHEPROJECT.vbox" with version "1.19-windows"
00:06:31.624767          Finished saving settings file "C:\Users\salva\VirtualBox VMs\APACHEPROJECT\APACHEPROJECT.vbox"
00:06:31.646393          ERROR [COM]: aRC=VBOX_E_OBJECT_NOT_FOUND (0x80bb0001) aIID={5bfd8965-b81b-469f-8649-f717ce97a5d5} aComponent={NvramStoreWrap} aText={The UEFI NVRAM file is not existing for this machine}, preserve=false aResultDetail=0
00:06:31.660677          ERROR [COM]: aRC=VBOX_E_INVALID_VM_STATE (0x80bb0002) aIID={e36a5081-a82a-40bd-9e4e-42a44d6ce50f} aComponent={MachineWrap} aText={The machine is not mutable, saved or running (state is Running)}, preserve=false aResultDetail=0
00:06:31.670780          WARNING [COM]: aRC=E_FAIL (0x80004005) aIID={d5dcece0-b202-4416-a138-03502784cc07} aComponent={HostWrap} aText={Could not load the Host USB Proxy Service (VERR_FILE_NOT_FOUND).  The service might not be installed on the host computer}, preserve=true aResultDetail=0
00:06:31.672310          WARNING [COM]: aRC=E_FAIL (0x80004005) aIID={d5dcece0-b202-4416-a138-03502784cc07} aComponent={HostWrap} aText={Could not load the Host USB Proxy Service (VERR_FILE_NOT_FOUND).  The service might not be installed on the host computer}, preserve=true aResultDetail=0
00:27:51.316032          Saving settings file "C:\Users\salva\VirtualBox VMs\APACHEPROJECT\APACHEPROJECT.vbox" with version "1.19-windows"
00:27:51.324658          Finished saving settings file "C:\Users\salva\VirtualBox VMs\APACHEPROJECT\APACHEPROJECT.vbox"
00:27:51.358212          ERROR [COM]: aRC=VBOX_E_OBJECT_NOT_FOUND (0x80bb0001) aIID={5bfd8965-b81b-469f-8649-f717ce97a5d5} aComponent={NvramStoreWrap} aText={The UEFI NVRAM file is not existing for this machine}, preserve=false aResultDetail=0
00:27:51.384148          ERROR [COM]: aRC=VBOX_E_INVALID_VM_STATE (0x80bb0002) aIID={e36a5081-a82a-40bd-9e4e-42a44d6ce50f} aComponent={MachineWrap} aText={The machine is not mutable, saved or running (state is Running)}, preserve=false aResultDetail=0
00:27:51.400302          WARNING [COM]: aRC=E_FAIL (0x80004005) aIID={d5dcece0-b202-4416-a138-03502784cc07} aComponent={HostWrap} aText={Could not load the Host USB Proxy Service (VERR_FILE_NOT_FOUND).  The service might not be installed on the host computer}, preserve=true aResultDetail=0
00:27:51.401668          WARNING [COM]: aRC=E_FAIL (0x80004005) aIID={d5dcece0-b202-4416-a138-03502784cc07} aComponent={HostWrap} aText={Could not load the Host USB Proxy Service (VERR_FILE_NOT_FOUND).  The service might not be installed on the host computer}, preserve=true aResultDetail=0
00:28:07.563472          Saving settings file "C:\Users\salva\VirtualBox VMs\APACHEPROJECT\APACHEPROJECT.vbox" with version "1.19-windows"
00:28:07.577807          Finished saving settings file "C:\Users\salva\VirtualBox VMs\APACHEPROJECT\APACHEPROJECT.vbox"
00:28:07.595874          ERROR [COM]: aRC=VBOX_E_OBJECT_NOT_FOUND (0x80bb0001) aIID={5bfd8965-b81b-469f-8649-f717ce97a5d5} aComponent={NvramStoreWrap} aText={The UEFI NVRAM file is not existing for this machine}, preserve=false aResultDetail=0
00:28:07.623533          ERROR [COM]: aRC=VBOX_E_INVALID_VM_STATE (0x80bb0002) aIID={e36a5081-a82a-40bd-9e4e-42a44d6ce50f} aComponent={MachineWrap} aText={The machine is not mutable, saved or running (state is Running)}, preserve=false aResultDetail=0
00:28:07.643552          WARNING [COM]: aRC=E_FAIL (0x80004005) aIID={d5dcece0-b202-4416-a138-03502784cc07} aComponent={HostWrap} aText={Could not load the Host USB Proxy Service (VERR_FILE_NOT_FOUND).  The service might not be installed on the host computer}, preserve=true aResultDetail=0
00:28:07.645977          WARNING [COM]: aRC=E_FAIL (0x80004005) aIID={d5dcece0-b202-4416-a138-03502784cc07} aComponent={HostWrap} aText={Could not load the Host USB Proxy Service (VERR_FILE_NOT_FOUND).  The service might not be installed on the host computer}, preserve=true aResultDetail=0
00:28:09.452047          Saving settings file "C:\Users\salva\VirtualBox VMs\APACHEPROJECT\APACHEPROJECT.vbox" with version "1.19-windows"
00:28:09.465040          Finished saving settings file "C:\Users\salva\VirtualBox VMs\APACHEPROJECT\APACHEPROJECT.vbox"
00:28:09.473240          ERROR [COM]: aRC=VBOX_E_OBJECT_NOT_FOUND (0x80bb0001) aIID={5bfd8965-b81b-469f-8649-f717ce97a5d5} aComponent={NvramStoreWrap} aText={The UEFI NVRAM file is not existing for this machine}, preserve=false aResultDetail=0
00:28:09.486611          ERROR [COM]: aRC=VBOX_E_INVALID_VM_STATE (0x80bb0002) aIID={e36a5081-a82a-40bd-9e4e-42a44d6ce50f} aComponent={MachineWrap} aText={The machine is not mutable, saved or running (state is Running)}, preserve=false aResultDetail=0
00:28:09.492796          WARNING [COM]: aRC=E_FAIL (0x80004005) aIID={d5dcece0-b202-4416-a138-03502784cc07} aComponent={HostWrap} aText={Could not load the Host USB Proxy Service (VERR_FILE_NOT_FOUND).  The service might not be installed on the host computer}, preserve=true aResultDetail=0
00:28:09.493402          WARNING [COM]: aRC=E_FAIL (0x80004005) aIID={d5dcece0-b202-4416-a138-03502784cc07} aComponent={HostWrap} aText={Could not load the Host USB Proxy Service (VERR_FILE_NOT_FOUND).  The service might not be installed on the host computer}, preserve=true aResultDetail=0
00:28:16.248410          Saving settings file "C:\Users\salva\VirtualBox VMs\APACHEPROJECT\APACHEPROJECT.vbox" with version "1.19-windows"
00:28:16.259489          Finished saving settings file "C:\Users\salva\VirtualBox VMs\APACHEPROJECT\APACHEPROJECT.vbox"
00:28:16.284583          ERROR [COM]: aRC=VBOX_E_OBJECT_NOT_FOUND (0x80bb0001) aIID={5bfd8965-b81b-469f-8649-f717ce97a5d5} aComponent={NvramStoreWrap} aText={The UEFI NVRAM file is not existing for this machine}, preserve=false aResultDetail=0
00:28:16.319924          ERROR [COM]: aRC=VBOX_E_INVALID_VM_STATE (0x80bb0002) aIID={e36a5081-a82a-40bd-9e4e-42a44d6ce50f} aComponent={MachineWrap} aText={The machine is not mutable, saved or running (state is Running)}, preserve=false aResultDetail=0
00:28:16.329984          WARNING [COM]: aRC=E_FAIL (0x80004005) aIID={d5dcece0-b202-4416-a138-03502784cc07} aComponent={HostWrap} aText={Could not load the Host USB Proxy Service (VERR_FILE_NOT_FOUND).  The service might not be installed on the host computer}, preserve=true aResultDetail=0
00:28:16.331997          WARNING [COM]: aRC=E_FAIL (0x80004005) aIID={d5dcece0-b202-4416-a138-03502784cc07} aComponent={HostWrap} aText={Could not load the Host USB Proxy Service (VERR_FILE_NOT_FOUND).  The service might not be installed on the host computer}, preserve=true aResultDetail=0
00:28:17.298479          Saving settings file "C:\Users\salva\VirtualBox VMs\APACHEPROJECT\APACHEPROJECT.vbox" with version "1.19-windows"
00:28:17.310033          Finished saving settings file "C:\Users\salva\VirtualBox VMs\APACHEPROJECT\APACHEPROJECT.vbox"
00:28:17.335450          ERROR [COM]: aRC=VBOX_E_OBJECT_NOT_FOUND (0x80bb0001) aIID={5bfd8965-b81b-469f-8649-f717ce97a5d5} aComponent={NvramStoreWrap} aText={The UEFI NVRAM file is not existing for this machine}, preserve=false aResultDetail=0
00:28:17.345926          ERROR [COM]: aRC=VBOX_E_INVALID_VM_STATE (0x80bb0002) aIID={e36a5081-a82a-40bd-9e4e-42a44d6ce50f} aComponent={MachineWrap} aText={The machine is not mutable, saved or running (state is Running)}, preserve=false aResultDetail=0
00:28:17.391965          WARNING [COM]: aRC=E_FAIL (0x80004005) aIID={d5dcece0-b202-4416-a138-03502784cc07} aComponent={HostWrap} aText={Could not load the Host USB Proxy Service (VERR_FILE_NOT_FOUND).  The service might not be installed on the host computer}, preserve=true aResultDetail=0
00:28:17.396600          WARNING [COM]: aRC=E_FAIL (0x80004005) aIID={d5dcece0-b202-4416-a138-03502784cc07} aComponent={HostWrap} aText={Could not load the Host USB Proxy Service (VERR_FILE_NOT_FOUND).  The service might not be installed on the host computer}, preserve=true aResultDetail=0
00:28:18.906884          Saving settings file "C:\Users\salva\VirtualBox VMs\APACHEPROJECT\APACHEPROJECT.vbox" with version "1.19-windows"
00:28:18.919467          Finished saving settings file "C:\Users\salva\VirtualBox VMs\APACHEPROJECT\APACHEPROJECT.vbox"
00:28:18.926169          ERROR [COM]: aRC=VBOX_E_OBJECT_NOT_FOUND (0x80bb0001) aIID={5bfd8965-b81b-469f-8649-f717ce97a5d5} aComponent={NvramStoreWrap} aText={The UEFI NVRAM file is not existing for this machine}, preserve=false aResultDetail=0
00:28:18.933647          ERROR [COM]: aRC=VBOX_E_INVALID_VM_STATE (0x80bb0002) aIID={e36a5081-a82a-40bd-9e4e-42a44d6ce50f} aComponent={MachineWrap} aText={The machine is not mutable, saved or running (state is Running)}, preserve=false aResultDetail=0
00:28:18.937841          WARNING [COM]: aRC=E_FAIL (0x80004005) aIID={d5dcece0-b202-4416-a138-03502784cc07} aComponent={HostWrap} aText={Could not load the Host USB Proxy Service (VERR_FILE_NOT_FOUND).  The service might not be installed on the host computer}, preserve=true aResultDetail=0
00:28:18.938185          WARNING [COM]: aRC=E_FAIL (0x80004005) aIID={d5dcece0-b202-4416-a138-03502784cc07} aComponent={HostWrap} aText={Could not load the Host USB Proxy Service (VERR_FILE_NOT_FOUND).  The service might not be installed on the host computer}, preserve=true aResultDetail=0
00:28:23.032744          Saving settings file "C:\Users\salva\VirtualBox VMs\APACHEPROJECT\APACHEPROJECT.vbox" with version "1.19-windows"
00:28:23.046283          Finished saving settings file "C:\Users\salva\VirtualBox VMs\APACHEPROJECT\APACHEPROJECT.vbox"
00:28:23.074528          ERROR [COM]: aRC=VBOX_E_OBJECT_NOT_FOUND (0x80bb0001) aIID={5bfd8965-b81b-469f-8649-f717ce97a5d5} aComponent={NvramStoreWrap} aText={The UEFI NVRAM file is not existing for this machine}, preserve=false aResultDetail=0
00:28:23.108847          ERROR [COM]: aRC=VBOX_E_INVALID_VM_STATE (0x80bb0002) aIID={e36a5081-a82a-40bd-9e4e-42a44d6ce50f} aComponent={MachineWrap} aText={The machine is not mutable, saved or running (state is Running)}, preserve=false aResultDetail=0
00:28:23.149639          WARNING [COM]: aRC=E_FAIL (0x80004005) aIID={d5dcece0-b202-4416-a138-03502784cc07} aComponent={HostWrap} aText={Could not load the Host USB Proxy Service (VERR_FILE_NOT_FOUND).  The service might not be installed on the host computer}, preserve=true aResultDetail=0
00:28:23.150924          WARNING [COM]: aRC=E_FAIL (0x80004005) aIID={d5dcece0-b202-4416-a138-03502784cc07} aComponent={HostWrap} aText={Could not load the Host USB Proxy Service (VERR_FILE_NOT_FOUND).  The service might not be installed on the host computer}, preserve=true aResultDetail=0
00:28:23.673944          Saving settings file "C:\Users\salva\VirtualBox VMs\APACHEPROJECT\APACHEPROJECT.vbox" with version "1.19-windows"
00:28:23.680222          Finished saving settings file "C:\Users\salva\VirtualBox VMs\APACHEPROJECT\APACHEPROJECT.vbox"
00:28:23.689439          ERROR [COM]: aRC=VBOX_E_OBJECT_NOT_FOUND (0x80bb0001) aIID={5bfd8965-b81b-469f-8649-f717ce97a5d5} aComponent={NvramStoreWrap} aText={The UEFI NVRAM file is not existing for this machine}, preserve=false aResultDetail=0
00:28:23.703231          ERROR [COM]: aRC=VBOX_E_INVALID_VM_STATE (0x80bb0002) aIID={e36a5081-a82a-40bd-9e4e-42a44d6ce50f} aComponent={MachineWrap} aText={The machine is not mutable, saved or running (state is Running)}, preserve=false aResultDetail=0
00:28:23.715829          WARNING [COM]: aRC=E_FAIL (0x80004005) aIID={d5dcece0-b202-4416-a138-03502784cc07} aComponent={HostWrap} aText={Could not load the Host USB Proxy Service (VERR_FILE_NOT_FOUND).  The service might not be installed on the host computer}, preserve=true aResultDetail=0
00:28:23.718283          WARNING [COM]: aRC=E_FAIL (0x80004005) aIID={d5dcece0-b202-4416-a138-03502784cc07} aComponent={HostWrap} aText={Could not load the Host USB Proxy Service (VERR_FILE_NOT_FOUND).  The service might not be installed on the host computer}, preserve=true aResultDetail=0
00:28:25.561235          Saving settings file "C:\Users\salva\VirtualBox VMs\APACHEPROJECT\APACHEPROJECT.vbox" with version "1.19-windows"
00:28:25.571778          Finished saving settings file "C:\Users\salva\VirtualBox VMs\APACHEPROJECT\APACHEPROJECT.vbox"
00:28:25.581254          ERROR [COM]: aRC=VBOX_E_OBJECT_NOT_FOUND (0x80bb0001) aIID={5bfd8965-b81b-469f-8649-f717ce97a5d5} aComponent={NvramStoreWrap} aText={The UEFI NVRAM file is not existing for this machine}, preserve=false aResultDetail=0
00:28:25.589286          ERROR [COM]: aRC=VBOX_E_INVALID_VM_STATE (0x80bb0002) aIID={e36a5081-a82a-40bd-9e4e-42a44d6ce50f} aComponent={MachineWrap} aText={The machine is not mutable, saved or running (state is Running)}, preserve=false aResultDetail=0
00:28:25.595649          WARNING [COM]: aRC=E_FAIL (0x80004005) aIID={d5dcece0-b202-4416-a138-03502784cc07} aComponent={HostWrap} aText={Could not load the Host USB Proxy Service (VERR_FILE_NOT_FOUND).  The service might not be installed on the host computer}, preserve=true aResultDetail=0
00:28:25.596154          WARNING [COM]: aRC=E_FAIL (0x80004005) aIID={d5dcece0-b202-4416-a138-03502784cc07} aComponent={HostWrap} aText={Could not load the Host USB Proxy Service (VERR_FILE_NOT_FOUND).  The service might not be installed on the host computer}, preserve=true aResultDetail=0
00:28:51.108725          Saving settings file "C:\Users\salva\VirtualBox VMs\APACHEPROJECT\APACHEPROJECT.vbox" with version "1.19-windows"
00:28:51.115185          Finished saving settings file "C:\Users\salva\VirtualBox VMs\APACHEPROJECT\APACHEPROJECT.vbox"
00:28:51.153717          ERROR [COM]: aRC=VBOX_E_OBJECT_NOT_FOUND (0x80bb0001) aIID={5bfd8965-b81b-469f-8649-f717ce97a5d5} aComponent={NvramStoreWrap} aText={The UEFI NVRAM file is not existing for this machine}, preserve=false aResultDetail=0
00:28:51.186857          ERROR [COM]: aRC=VBOX_E_INVALID_VM_STATE (0x80bb0002) aIID={e36a5081-a82a-40bd-9e4e-42a44d6ce50f} aComponent={MachineWrap} aText={The machine is not mutable, saved or running (state is Running)}, preserve=false aResultDetail=0
00:28:51.198785          WARNING [COM]: aRC=E_FAIL (0x80004005) aIID={d5dcece0-b202-4416-a138-03502784cc07} aComponent={HostWrap} aText={Could not load the Host USB Proxy Service (VERR_FILE_NOT_FOUND).  The service might not be installed on the host computer}, preserve=true aResultDetail=0
00:28:51.199948          WARNING [COM]: aRC=E_FAIL (0x80004005) aIID={d5dcece0-b202-4416-a138-03502784cc07} aComponent={HostWrap} aText={Could not load the Host USB Proxy Service (VERR_FILE_NOT_FOUND).  The service might not be installed on the host computer}, preserve=true aResultDetail=0
00:28:52.033068          Saving settings file "C:\Users\salva\VirtualBox VMs\APACHEPROJECT\APACHEPROJECT.vbox" with version "1.19-windows"
00:28:52.043644          Finished saving settings file "C:\Users\salva\VirtualBox VMs\APACHEPROJECT\APACHEPROJECT.vbox"
00:28:52.048977          ERROR [COM]: aRC=VBOX_E_OBJECT_NOT_FOUND (0x80bb0001) aIID={5bfd8965-b81b-469f-8649-f717ce97a5d5} aComponent={NvramStoreWrap} aText={The UEFI NVRAM file is not existing for this machine}, preserve=false aResultDetail=0
00:28:52.055322          ERROR [COM]: aRC=VBOX_E_INVALID_VM_STATE (0x80bb0002) aIID={e36a5081-a82a-40bd-9e4e-42a44d6ce50f} aComponent={MachineWrap} aText={The machine is not mutable, saved or running (state is Running)}, preserve=false aResultDetail=0
00:28:52.059322          WARNING [COM]: aRC=E_FAIL (0x80004005) aIID={d5dcece0-b202-4416-a138-03502784cc07} aComponent={HostWrap} aText={Could not load the Host USB Proxy Service (VERR_FILE_NOT_FOUND).  The service might not be installed on the host computer}, preserve=true aResultDetail=0
00:28:52.059624          WARNING [COM]: aRC=E_FAIL (0x80004005) aIID={d5dcece0-b202-4416-a138-03502784cc07} aComponent={HostWrap} aText={Could not load the Host USB Proxy Service (VERR_FILE_NOT_FOUND).  The service might not be installed on the host computer}, preserve=true aResultDetail=0
00:28:53.843635          Saving settings file "C:\Users\salva\VirtualBox VMs\APACHEPROJECT\APACHEPROJECT.vbox" with version "1.19-windows"
00:28:53.851011          Finished saving settings file "C:\Users\salva\VirtualBox VMs\APACHEPROJECT\APACHEPROJECT.vbox"
00:28:53.860199          ERROR [COM]: aRC=VBOX_E_OBJECT_NOT_FOUND (0x80bb0001) aIID={5bfd8965-b81b-469f-8649-f717ce97a5d5} aComponent={NvramStoreWrap} aText={The UEFI NVRAM file is not existing for this machine}, preserve=false aResultDetail=0
00:28:53.880081          ERROR [COM]: aRC=VBOX_E_INVALID_VM_STATE (0x80bb0002) aIID={e36a5081-a82a-40bd-9e4e-42a44d6ce50f} aComponent={MachineWrap} aText={The machine is not mutable, saved or running (state is Running)}, preserve=false aResultDetail=0
00:28:53.886810          WARNING [COM]: aRC=E_FAIL (0x80004005) aIID={d5dcece0-b202-4416-a138-03502784cc07} aComponent={HostWrap} aText={Could not load the Host USB Proxy Service (VERR_FILE_NOT_FOUND).  The service might not be installed on the host computer}, preserve=true aResultDetail=0
00:28:53.887528          WARNING [COM]: aRC=E_FAIL (0x80004005) aIID={d5dcece0-b202-4416-a138-03502784cc07} aComponent={HostWrap} aText={Could not load the Host USB Proxy Service (VERR_FILE_NOT_FOUND).  The service might not be installed on the host computer}, preserve=true aResultDetail=0
00:28:54.727245          Saving settings file "C:\Users\salva\VirtualBox VMs\APACHEPROJECT\APACHEPROJECT.vbox" with version "1.19-windows"
00:28:54.734407          Finished saving settings file "C:\Users\salva\VirtualBox VMs\APACHEPROJECT\APACHEPROJECT.vbox"
00:28:54.752968          ERROR [COM]: aRC=VBOX_E_OBJECT_NOT_FOUND (0x80bb0001) aIID={5bfd8965-b81b-469f-8649-f717ce97a5d5} aComponent={NvramStoreWrap} aText={The UEFI NVRAM file is not existing for this machine}, preserve=false aResultDetail=0
00:28:54.771617          ERROR [COM]: aRC=VBOX_E_INVALID_VM_STATE (0x80bb0002) aIID={e36a5081-a82a-40bd-9e4e-42a44d6ce50f} aComponent={MachineWrap} aText={The machine is not mutable, saved or running (state is Running)}, preserve=false aResultDetail=0
00:28:54.780255          WARNING [COM]: aRC=E_FAIL (0x80004005) aIID={d5dcece0-b202-4416-a138-03502784cc07} aComponent={HostWrap} aText={Could not load the Host USB Proxy Service (VERR_FILE_NOT_FOUND).  The service might not be installed on the host computer}, preserve=true aResultDetail=0
00:28:54.781105          WARNING [COM]: aRC=E_FAIL (0x80004005) aIID={d5dcece0-b202-4416-a138-03502784cc07} aComponent={HostWrap} aText={Could not load the Host USB Proxy Service (VERR_FILE_NOT_FOUND).  The service might not be installed on the host computer}, preserve=true aResultDetail=0
00:32:19.958080          Saving settings file "C:\Users\salva\VirtualBox VMs\APACHEPROJECT\APACHEPROJECT.vbox" with version "1.19-windows"
00:32:19.969748          Finished saving settings file "C:\Users\salva\VirtualBox VMs\APACHEPROJECT\APACHEPROJECT.vbox"
00:32:19.988749          ERROR [COM]: aRC=VBOX_E_OBJECT_NOT_FOUND (0x80bb0001) aIID={5bfd8965-b81b-469f-8649-f717ce97a5d5} aComponent={NvramStoreWrap} aText={The UEFI NVRAM file is not existing for this machine}, preserve=false aResultDetail=0
00:32:20.022512          ERROR [COM]: aRC=VBOX_E_INVALID_VM_STATE (0x80bb0002) aIID={e36a5081-a82a-40bd-9e4e-42a44d6ce50f} aComponent={MachineWrap} aText={The machine is not mutable, saved or running (state is Running)}, preserve=false aResultDetail=0
00:32:20.038187          WARNING [COM]: aRC=E_FAIL (0x80004005) aIID={d5dcece0-b202-4416-a138-03502784cc07} aComponent={HostWrap} aText={Could not load the Host USB Proxy Service (VERR_FILE_NOT_FOUND).  The service might not be installed on the host computer}, preserve=true aResultDetail=0
00:32:20.039648          WARNING [COM]: aRC=E_FAIL (0x80004005) aIID={d5dcece0-b202-4416-a138-03502784cc07} aComponent={HostWrap} aText={Could not load the Host USB Proxy Service (VERR_FILE_NOT_FOUND).  The service might not be installed on the host computer}, preserve=true aResultDetail=0
00:39:48.280281          Saving settings file "C:\Users\salva\VirtualBox VMs\APACHEPROJECT\APACHEPROJECT.vbox" with version "1.19-windows"
00:39:48.291451          Finished saving settings file "C:\Users\salva\VirtualBox VMs\APACHEPROJECT\APACHEPROJECT.vbox"
00:39:48.365623          ERROR [COM]: aRC=VBOX_E_OBJECT_NOT_FOUND (0x80bb0001) aIID={5bfd8965-b81b-469f-8649-f717ce97a5d5} aComponent={NvramStoreWrap} aText={The UEFI NVRAM file is not existing for this machine}, preserve=false aResultDetail=0
00:39:48.404357          ERROR [COM]: aRC=VBOX_E_INVALID_VM_STATE (0x80bb0002) aIID={e36a5081-a82a-40bd-9e4e-42a44d6ce50f} aComponent={MachineWrap} aText={The machine is not mutable, saved or running (state is Running)}, preserve=false aResultDetail=0
00:39:48.419442          WARNING [COM]: aRC=E_FAIL (0x80004005) aIID={d5dcece0-b202-4416-a138-03502784cc07} aComponent={HostWrap} aText={Could not load the Host USB Proxy Service (VERR_FILE_NOT_FOUND).  The service might not be installed on the host computer}, preserve=true aResultDetail=0
00:39:48.420790          WARNING [COM]: aRC=E_FAIL (0x80004005) aIID={d5dcece0-b202-4416-a138-03502784cc07} aComponent={HostWrap} aText={Could not load the Host USB Proxy Service (VERR_FILE_NOT_FOUND).  The service might not be installed on the host computer}, preserve=true aResultDetail=0
00:39:51.845750          Saving settings file "C:\Users\salva\VirtualBox VMs\APACHEPROJECT\APACHEPROJECT.vbox" with version "1.19-windows"
00:39:51.856577          Finished saving settings file "C:\Users\salva\VirtualBox VMs\APACHEPROJECT\APACHEPROJECT.vbox"
00:39:51.878100          ERROR [COM]: aRC=VBOX_E_OBJECT_NOT_FOUND (0x80bb0001) aIID={5bfd8965-b81b-469f-8649-f717ce97a5d5} aComponent={NvramStoreWrap} aText={The UEFI NVRAM file is not existing for this machine}, preserve=false aResultDetail=0
00:39:51.890920          ERROR [COM]: aRC=VBOX_E_INVALID_VM_STATE (0x80bb0002) aIID={e36a5081-a82a-40bd-9e4e-42a44d6ce50f} aComponent={MachineWrap} aText={The machine is not mutable, saved or running (state is Running)}, preserve=false aResultDetail=0
00:39:51.920598          WARNING [COM]: aRC=E_FAIL (0x80004005) aIID={d5dcece0-b202-4416-a138-03502784cc07} aComponent={HostWrap} aText={Could not load the Host USB Proxy Service (VERR_FILE_NOT_FOUND).  The service might not be installed on the host computer}, preserve=true aResultDetail=0
00:39:51.926368          WARNING [COM]: aRC=E_FAIL (0x80004005) aIID={d5dcece0-b202-4416-a138-03502784cc07} aComponent={HostWrap} aText={Could not load the Host USB Proxy Service (VERR_FILE_NOT_FOUND).  The service might not be installed on the host computer}, preserve=true aResultDetail=0
00:39:52.189312          Saving settings file "C:\Users\salva\VirtualBox VMs\APACHEPROJECT\APACHEPROJECT.vbox" with version "1.19-windows"
00:39:52.197640          Finished saving settings file "C:\Users\salva\VirtualBox VMs\APACHEPROJECT\APACHEPROJECT.vbox"
00:39:52.208800          ERROR [COM]: aRC=VBOX_E_OBJECT_NOT_FOUND (0x80bb0001) aIID={5bfd8965-b81b-469f-8649-f717ce97a5d5} aComponent={NvramStoreWrap} aText={The UEFI NVRAM file is not existing for this machine}, preserve=false aResultDetail=0
00:39:52.219544          ERROR [COM]: aRC=VBOX_E_INVALID_VM_STATE (0x80bb0002) aIID={e36a5081-a82a-40bd-9e4e-42a44d6ce50f} aComponent={MachineWrap} aText={The machine is not mutable, saved or running (state is Running)}, preserve=false aResultDetail=0
00:39:52.223345          WARNING [COM]: aRC=E_FAIL (0x80004005) aIID={d5dcece0-b202-4416-a138-03502784cc07} aComponent={HostWrap} aText={Could not load the Host USB Proxy Service (VERR_FILE_NOT_FOUND).  The service might not be installed on the host computer}, preserve=true aResultDetail=0
00:39:52.224554          WARNING [COM]: aRC=E_FAIL (0x80004005) aIID={d5dcece0-b202-4416-a138-03502784cc07} aComponent={HostWrap} aText={Could not load the Host USB Proxy Service (VERR_FILE_NOT_FOUND).  The service might not be installed on the host computer}, preserve=true aResultDetail=0
00:39:54.091959          Saving settings file "C:\Users\salva\VirtualBox VMs\APACHEPROJECT\APACHEPROJECT.vbox" with version "1.19-windows"
00:39:54.100931          Finished saving settings file "C:\Users\salva\VirtualBox VMs\APACHEPROJECT\APACHEPROJECT.vbox"
00:39:54.106215          ERROR [COM]: aRC=VBOX_E_OBJECT_NOT_FOUND (0x80bb0001) aIID={5bfd8965-b81b-469f-8649-f717ce97a5d5} aComponent={NvramStoreWrap} aText={The UEFI NVRAM file is not existing for this machine}, preserve=false aResultDetail=0
00:39:54.111886          ERROR [COM]: aRC=VBOX_E_INVALID_VM_STATE (0x80bb0002) aIID={e36a5081-a82a-40bd-9e4e-42a44d6ce50f} aComponent={MachineWrap} aText={The machine is not mutable, saved or running (state is Running)}, preserve=false aResultDetail=0
00:39:54.116674          WARNING [COM]: aRC=E_FAIL (0x80004005) aIID={d5dcece0-b202-4416-a138-03502784cc07} aComponent={HostWrap} aText={Could not load the Host USB Proxy Service (VERR_FILE_NOT_FOUND).  The service might not be installed on the host computer}, preserve=true aResultDetail=0
00:39:54.116996          WARNING [COM]: aRC=E_FAIL (0x80004005) aIID={d5dcece0-b202-4416-a138-03502784cc07} aComponent={HostWrap} aText={Could not load the Host USB Proxy Service (VERR_FILE_NOT_FOUND).  The service might not be installed on the host computer}, preserve=true aResultDetail=0
00:39:55.025295          Saving settings file "C:\Users\salva\VirtualBox VMs\APACHEPROJECT\APACHEPROJECT.vbox" with version "1.19-windows"
00:39:55.032371          Finished saving settings file "C:\Users\salva\VirtualBox VMs\APACHEPROJECT\APACHEPROJECT.vbox"
00:39:55.042184          ERROR [COM]: aRC=VBOX_E_OBJECT_NOT_FOUND (0x80bb0001) aIID={5bfd8965-b81b-469f-8649-f717ce97a5d5} aComponent={NvramStoreWrap} aText={The UEFI NVRAM file is not existing for this machine}, preserve=false aResultDetail=0
00:39:55.050688          ERROR [COM]: aRC=VBOX_E_INVALID_VM_STATE (0x80bb0002) aIID={e36a5081-a82a-40bd-9e4e-42a44d6ce50f} aComponent={MachineWrap} aText={The machine is not mutable, saved or running (state is Running)}, preserve=false aResultDetail=0
00:39:55.054580          WARNING [COM]: aRC=E_FAIL (0x80004005) aIID={d5dcece0-b202-4416-a138-03502784cc07} aComponent={HostWrap} aText={Could not load the Host USB Proxy Service (VERR_FILE_NOT_FOUND).  The service might not be installed on the host computer}, preserve=true aResultDetail=0
00:39:55.055680          WARNING [COM]: aRC=E_FAIL (0x80004005) aIID={d5dcece0-b202-4416-a138-03502784cc07} aComponent={HostWrap} aText={Could not load the Host USB Proxy Service (VERR_FILE_NOT_FOUND).  The service might not be installed on the host computer}, preserve=true aResultDetail=0
00:39:56.260091          Saving settings file "C:\Users\salva\VirtualBox VMs\APACHEPROJECT\APACHEPROJECT.vbox" with version "1.19-windows"
00:39:56.267748          Finished saving settings file "C:\Users\salva\VirtualBox VMs\APACHEPROJECT\APACHEPROJECT.vbox"
00:39:56.279151          ERROR [COM]: aRC=VBOX_E_OBJECT_NOT_FOUND (0x80bb0001) aIID={5bfd8965-b81b-469f-8649-f717ce97a5d5} aComponent={NvramStoreWrap} aText={The UEFI NVRAM file is not existing for this machine}, preserve=false aResultDetail=0
00:39:56.291390          ERROR [COM]: aRC=VBOX_E_INVALID_VM_STATE (0x80bb0002) aIID={e36a5081-a82a-40bd-9e4e-42a44d6ce50f} aComponent={MachineWrap} aText={The machine is not mutable, saved or running (state is Running)}, preserve=false aResultDetail=0
00:39:56.318351          WARNING [COM]: aRC=E_FAIL (0x80004005) aIID={d5dcece0-b202-4416-a138-03502784cc07} aComponent={HostWrap} aText={Could not load the Host USB Proxy Service (VERR_FILE_NOT_FOUND).  The service might not be installed on the host computer}, preserve=true aResultDetail=0
00:39:56.319847          WARNING [COM]: aRC=E_FAIL (0x80004005) aIID={d5dcece0-b202-4416-a138-03502784cc07} aComponent={HostWrap} aText={Could not load the Host USB Proxy Service (VERR_FILE_NOT_FOUND).  The service might not be installed on the host computer}, preserve=true aResultDetail=0
00:40:00.560578          Saving settings file "C:\Users\salva\VirtualBox VMs\APACHEPROJECT\APACHEPROJECT.vbox" with version "1.19-windows"
00:40:00.568469          Finished saving settings file "C:\Users\salva\VirtualBox VMs\APACHEPROJECT\APACHEPROJECT.vbox"
00:40:00.573806          ERROR [COM]: aRC=VBOX_E_OBJECT_NOT_FOUND (0x80bb0001) aIID={5bfd8965-b81b-469f-8649-f717ce97a5d5} aComponent={NvramStoreWrap} aText={The UEFI NVRAM file is not existing for this machine}, preserve=false aResultDetail=0
00:40:00.580025          ERROR [COM]: aRC=VBOX_E_INVALID_VM_STATE (0x80bb0002) aIID={e36a5081-a82a-40bd-9e4e-42a44d6ce50f} aComponent={MachineWrap} aText={The machine is not mutable, saved or running (state is Running)}, preserve=false aResultDetail=0
00:40:00.584785          WARNING [COM]: aRC=E_FAIL (0x80004005) aIID={d5dcece0-b202-4416-a138-03502784cc07} aComponent={HostWrap} aText={Could not load the Host USB Proxy Service (VERR_FILE_NOT_FOUND).  The service might not be installed on the host computer}, preserve=true aResultDetail=0
00:40:00.585207          WARNING [COM]: aRC=E_FAIL (0x80004005) aIID={d5dcece0-b202-4416-a138-03502784cc07} aComponent={HostWrap} aText={Could not load the Host USB Proxy Service (VERR_FILE_NOT_FOUND).  The service might not be installed on the host computer}, preserve=true aResultDetail=0
00:43:14.150348 dns-monitor HostDnsMonitor: updating information
00:43:14.150447 dns-monitor HostDnsMonitor: unchanged
01:04:49.165408          Saving settings file "C:\Users\salva\VirtualBox VMs\APACHEPROJECT\APACHEPROJECT.vbox" with version "1.19-windows"
01:04:49.174461          Finished saving settings file "C:\Users\salva\VirtualBox VMs\APACHEPROJECT\APACHEPROJECT.vbox"
01:04:49.206602          ERROR [COM]: aRC=VBOX_E_OBJECT_NOT_FOUND (0x80bb0001) aIID={5bfd8965-b81b-469f-8649-f717ce97a5d5} aComponent={NvramStoreWrap} aText={The UEFI NVRAM file is not existing for this machine}, preserve=false aResultDetail=0
01:04:49.215933          ERROR [COM]: aRC=VBOX_E_INVALID_VM_STATE (0x80bb0002) aIID={e36a5081-a82a-40bd-9e4e-42a44d6ce50f} aComponent={MachineWrap} aText={The machine is not mutable, saved or running (state is Running)}, preserve=false aResultDetail=0
01:04:49.221410          WARNING [COM]: aRC=E_FAIL (0x80004005) aIID={d5dcece0-b202-4416-a138-03502784cc07} aComponent={HostWrap} aText={Could not load the Host USB Proxy Service (VERR_FILE_NOT_FOUND).  The service might not be installed on the host computer}, preserve=true aResultDetail=0
01:04:49.222232          WARNING [COM]: aRC=E_FAIL (0x80004005) aIID={d5dcece0-b202-4416-a138-03502784cc07} aComponent={HostWrap} aText={Could not load the Host USB Proxy Service (VERR_FILE_NOT_FOUND).  The service might not be installed on the host computer}, preserve=true aResultDetail=0
01:04:54.499997          Saving settings file "C:\Users\salva\VirtualBox VMs\APACHEPROJECT\APACHEPROJECT.vbox" with version "1.19-windows"
01:04:54.509559          Finished saving settings file "C:\Users\salva\VirtualBox VMs\APACHEPROJECT\APACHEPROJECT.vbox"
01:04:54.522196          ERROR [COM]: aRC=VBOX_E_OBJECT_NOT_FOUND (0x80bb0001) aIID={5bfd8965-b81b-469f-8649-f717ce97a5d5} aComponent={NvramStoreWrap} aText={The UEFI NVRAM file is not existing for this machine}, preserve=false aResultDetail=0
01:04:54.538703          ERROR [COM]: aRC=VBOX_E_INVALID_VM_STATE (0x80bb0002) aIID={e36a5081-a82a-40bd-9e4e-42a44d6ce50f} aComponent={MachineWrap} aText={The machine is not mutable, saved or running (state is Running)}, preserve=false aResultDetail=0
01:04:54.544801          WARNING [COM]: aRC=E_FAIL (0x80004005) aIID={d5dcece0-b202-4416-a138-03502784cc07} aComponent={HostWrap} aText={Could not load the Host USB Proxy Service (VERR_FILE_NOT_FOUND).  The service might not be installed on the host computer}, preserve=true aResultDetail=0
01:04:54.547200          WARNING [COM]: aRC=E_FAIL (0x80004005) aIID={d5dcece0-b202-4416-a138-03502784cc07} aComponent={HostWrap} aText={Could not load the Host USB Proxy Service (VERR_FILE_NOT_FOUND).  The service might not be installed on the host computer}, preserve=true aResultDetail=0
01:08:01.513242          Saving settings file "C:\Users\salva\VirtualBox VMs\APACHEPROJECT\APACHEPROJECT.vbox" with version "1.19-windows"
01:08:01.518506          Finished saving settings file "C:\Users\salva\VirtualBox VMs\APACHEPROJECT\APACHEPROJECT.vbox"
01:08:01.538961          ERROR [COM]: aRC=VBOX_E_OBJECT_NOT_FOUND (0x80bb0001) aIID={5bfd8965-b81b-469f-8649-f717ce97a5d5} aComponent={NvramStoreWrap} aText={The UEFI NVRAM file is not existing for this machine}, preserve=false aResultDetail=0
01:08:01.562858          ERROR [COM]: aRC=VBOX_E_INVALID_VM_STATE (0x80bb0002) aIID={e36a5081-a82a-40bd-9e4e-42a44d6ce50f} aComponent={MachineWrap} aText={The machine is not mutable, saved or running (state is Running)}, preserve=false aResultDetail=0
01:08:01.575302          WARNING [COM]: aRC=E_FAIL (0x80004005) aIID={d5dcece0-b202-4416-a138-03502784cc07} aComponent={HostWrap} aText={Could not load the Host USB Proxy Service (VERR_FILE_NOT_FOUND).  The service might not be installed on the host computer}, preserve=true aResultDetail=0
01:08:01.576756          WARNING [COM]: aRC=E_FAIL (0x80004005) aIID={d5dcece0-b202-4416-a138-03502784cc07} aComponent={HostWrap} aText={Could not load the Host USB Proxy Service (VERR_FILE_NOT_FOUND).  The service might not be installed on the host computer}, preserve=true aResultDetail=0
01:08:07.574698          Saving settings file "C:\Users\salva\VirtualBox VMs\APACHEPROJECT\APACHEPROJECT.vbox" with version "1.19-windows"
01:08:07.580928          Finished saving settings file "C:\Users\salva\VirtualBox VMs\APACHEPROJECT\APACHEPROJECT.vbox"
01:08:07.592264          ERROR [COM]: aRC=VBOX_E_OBJECT_NOT_FOUND (0x80bb0001) aIID={5bfd8965-b81b-469f-8649-f717ce97a5d5} aComponent={NvramStoreWrap} aText={The UEFI NVRAM file is not existing for this machine}, preserve=false aResultDetail=0
01:08:07.610053          ERROR [COM]: aRC=VBOX_E_INVALID_VM_STATE (0x80bb0002) aIID={e36a5081-a82a-40bd-9e4e-42a44d6ce50f} aComponent={MachineWrap} aText={The machine is not mutable, saved or running (state is Running)}, preserve=false aResultDetail=0
01:08:07.654196          WARNING [COM]: aRC=E_FAIL (0x80004005) aIID={d5dcece0-b202-4416-a138-03502784cc07} aComponent={HostWrap} aText={Could not load the Host USB Proxy Service (VERR_FILE_NOT_FOUND).  The service might not be installed on the host computer}, preserve=true aResultDetail=0
01:08:07.658345          WARNING [COM]: aRC=E_FAIL (0x80004005) aIID={d5dcece0-b202-4416-a138-03502784cc07} aComponent={HostWrap} aText={Could not load the Host USB Proxy Service (VERR_FILE_NOT_FOUND).  The service might not be installed on the host computer}, preserve=true aResultDetail=0
01:12:19.043614          Saving settings file "C:\Users\salva\VirtualBox VMs\APACHEPROJECT\APACHEPROJECT.vbox" with version "1.19-windows"
01:12:19.051167          Finished saving settings file "C:\Users\salva\VirtualBox VMs\APACHEPROJECT\APACHEPROJECT.vbox"
01:12:19.067729          ERROR [COM]: aRC=VBOX_E_OBJECT_NOT_FOUND (0x80bb0001) aIID={5bfd8965-b81b-469f-8649-f717ce97a5d5} aComponent={NvramStoreWrap} aText={The UEFI NVRAM file is not existing for this machine}, preserve=false aResultDetail=0
01:12:19.084919          ERROR [COM]: aRC=VBOX_E_INVALID_VM_STATE (0x80bb0002) aIID={e36a5081-a82a-40bd-9e4e-42a44d6ce50f} aComponent={MachineWrap} aText={The machine is not mutable, saved or running (state is Running)}, preserve=false aResultDetail=0
01:12:19.098239          WARNING [COM]: aRC=E_FAIL (0x80004005) aIID={d5dcece0-b202-4416-a138-03502784cc07} aComponent={HostWrap} aText={Could not load the Host USB Proxy Service (VERR_FILE_NOT_FOUND).  The service might not be installed on the host computer}, preserve=true aResultDetail=0
01:12:19.099732          WARNING [COM]: aRC=E_FAIL (0x80004005) aIID={d5dcece0-b202-4416-a138-03502784cc07} aComponent={HostWrap} aText={Could not load the Host USB Proxy Service (VERR_FILE_NOT_FOUND).  The service might not be installed on the host computer}, preserve=true aResultDetail=0
01:43:14.140635 dns-monitor HostDnsMonitor: updating information
01:43:14.140799 dns-monitor HostDnsMonitor: unchanged
02:43:14.147294 dns-monitor HostDnsMonitor: updating information
02:43:14.148291 dns-monitor HostDnsMonitor: unchanged
03:43:14.151834 dns-monitor HostDnsMonitor: updating information
03:43:14.152325 dns-monitor HostDnsMonitor: unchanged
03:48:51.336324          Saving settings file "C:\Users\salva\VirtualBox VMs\APACHEPROJECT\APACHEPROJECT.vbox" with version "1.19-windows"
03:48:51.350485          Finished saving settings file "C:\Users\salva\VirtualBox VMs\APACHEPROJECT\APACHEPROJECT.vbox"
03:48:51.358909          ERROR [COM]: aRC=E_INVALIDARG (0x80070057) aIID={e36a5081-a82a-40bd-9e4e-42a44d6ce50f} aComponent={SessionMachine} aText={Properties with TRANSIENT or TRANSRESET flag cannot be set or modified if VM is not running}, preserve=false aResultDetail=0
03:48:51.496033          WARNING [COM]: aRC=E_FAIL (0x80004005) aIID={d5dcece0-b202-4416-a138-03502784cc07} aComponent={HostWrap} aText={Could not load the Host USB Proxy Service (VERR_FILE_NOT_FOUND).  The service might not be installed on the host computer}, preserve=true aResultDetail=0
03:48:51.571863          WARNING [COM]: aRC=E_FAIL (0x80004005) aIID={d5dcece0-b202-4416-a138-03502784cc07} aComponent={HostWrap} aText={Could not load the Host USB Proxy Service (VERR_FILE_NOT_FOUND).  The service might not be installed on the host computer}, preserve=true aResultDetail=0
03:48:51.643833          ERROR [COM]: aRC=VBOX_E_OBJECT_NOT_FOUND (0x80bb0001) aIID={5bfd8965-b81b-469f-8649-f717ce97a5d5} aComponent={NvramStoreWrap} aText={The UEFI NVRAM file is not existing for this machine}, preserve=false aResultDetail=0
03:48:51.660380          ERROR [COM]: aRC=VBOX_E_INVALID_VM_STATE (0x80bb0002) aIID={e36a5081-a82a-40bd-9e4e-42a44d6ce50f} aComponent={MachineWrap} aText={The machine is not mutable, saved or running (state is PoweredOff)}, preserve=false aResultDetail=0
03:48:51.688670          WARNING [COM]: aRC=E_FAIL (0x80004005) aIID={d5dcece0-b202-4416-a138-03502784cc07} aComponent={HostWrap} aText={Could not load the Host USB Proxy Service (VERR_FILE_NOT_FOUND).  The service might not be installed on the host computer}, preserve=true aResultDetail=0
03:48:51.690487          WARNING [COM]: aRC=E_FAIL (0x80004005) aIID={d5dcece0-b202-4416-a138-03502784cc07} aComponent={HostWrap} aText={Could not load the Host USB Proxy Service (VERR_FILE_NOT_FOUND).  The service might not be installed on the host computer}, preserve=true aResultDetail=0
03:48:52.437648          ERROR [COM]: aRC=VBOX_E_OBJECT_NOT_FOUND (0x80bb0001) aIID={5bfd8965-b81b-469f-8649-f717ce97a5d5} aComponent={NvramStoreWrap} aText={The UEFI NVRAM file is not existing for this machine}, preserve=false aResultDetail=0
03:48:52.487754          ERROR [COM]: aRC=VBOX_E_INVALID_VM_STATE (0x80bb0002) aIID={e36a5081-a82a-40bd-9e4e-42a44d6ce50f} aComponent={MachineWrap} aText={The machine is not mutable, saved or running (state is PoweredOff)}, preserve=false aResultDetail=0
03:48:52.606139          WARNING [COM]: aRC=E_FAIL (0x80004005) aIID={d5dcece0-b202-4416-a138-03502784cc07} aComponent={HostWrap} aText={Could not load the Host USB Proxy Service (VERR_FILE_NOT_FOUND).  The service might not be installed on the host computer}, preserve=true aResultDetail=0
03:48:52.607449          WARNING [COM]: aRC=E_FAIL (0x80004005) aIID={d5dcece0-b202-4416-a138-03502784cc07} aComponent={HostWrap} aText={Could not load the Host USB Proxy Service (VERR_FILE_NOT_FOUND).  The service might not be installed on the host computer}, preserve=true aResultDetail=0
04:14:16.739241 MainPower Host suspending: Paused 0 VMs
07:45:13.232297 MainPower Host resumed: Resumed 0 VMs
07:45:15.353244 dns-monitor HostDnsMonitor: updating information
07:45:15.353337 dns-monitor HostDnsMonitor: unchanged
08:27:53.530575 dns-monitor HostDnsMonitor: updating information
08:27:53.532636 dns-monitor HostDnsMonitor: unchanged
08:45:30.096285 main     VirtualBox: object deletion starts
08:45:30.105978 main     ERROR [COM]: aRC=VBOX_E_OBJECT_IN_USE (0x80bb000c) aIID={7d510820-a678-4730-a862-818dcd3fbed0} aComponent={MediumWrap} aText={Medium 'C:\Users\salva\VirtualBox VMs\APACHEPROJECT\APACHEPROJECT.vdi' cannot be closed because it is still attached to 1 virtual machines}, preserve=false aResultDetail=0
08:45:30.137257 main     HostDnsMonitor: shutting down ...
08:45:30.137636 main     HostDnsMonitor: shut down
08:45:30.150707 Watcher  ERROR [COM]: aRC=E_ACCESSDENIED (0x80070005) aIID={d644ad1e-c501-4fc7-9ab6-aa6d763bc540} aComponent={VirtualBoxWrap} aText={The object is not ready}, preserve=false aResultDetail=0
08:45:30.152998 main     VirtualBox: object deleted
